Using pre-set license
Built from '2020.3/staging' branch; Version is '2020.3.3f1 (76626098c1c4) revision 7758432'; Using compiler version '192528614'; Build Type 'Release'
OS: 'Windows 10 Pro; OS build 19043.1288; Version 2009; 64bit' Language: 'fr' Physical Memory: 8083 MB
BatchMode: 1, IsHumanControllingUs: 0, StartBugReporterOnCrash: 0, Is64bit: 1, IsPro: 0

 COMMAND LINE ARGUMENTS:
C:\Program Files\Unity\Hub\Editor\2020.3.3f1\Editor\Unity.exe
-adb2
-batchMode
-noUpm
-name
AssetImportWorker0
-projectPath
C:/Users/DELL/Documents/library/XR-Jam
-logFile
Logs/AssetImportWorker0.log
-srvPort
61320
Successfully changed project path to: C:/Users/DELL/Documents/library/XR-Jam
C:/Users/DELL/Documents/library/XR-Jam
Using Asset Import Pipeline V2.
Refreshing native plugins compatible for Editor in 254.05 ms, found 9 plugins.
Preloading 2 native plugins for Editor in 6.96 ms.
Initialize engine version: 2020.3.3f1 (76626098c1c4)
[Subsystems] Discovering subsystems at path C:/Program Files/Unity/Hub/Editor/2020.3.3f1/Editor/Data/Resources/UnitySubsystems
[Subsystems] Discovering subsystems at path C:/Users/DELL/Documents/library/XR-Jam/Assets
GfxDevice: creating device client; threaded=0
Direct3D:
    Version:  Direct3D 11.0 [level 11.1]
    Renderer: Intel(R) HD Graphics 520 (ID=0x1916)
    Vendor:   
    VRAM:     4041 MB
    Driver:   30.0.100.9507
Shader 'Universal Render Pipeline/Particles/Lit': fallback shader 'Universal Render Pipeline/Particles/SimpleLit' not found
Initialize mono
Mono path[0] = 'C:/Program Files/Unity/Hub/Editor/2020.3.3f1/Editor/Data/Managed'
Mono path[1] = 'C:/Program Files/Unity/Hub/Editor/2020.3.3f1/Editor/Data/MonoBleedingEdge/lib/mono/unityjit'
Mono config path = 'C:/Program Files/Unity/Hub/Editor/2020.3.3f1/Editor/Data/MonoBleedingEdge/etc'
Using monoOptions --debugger-agent=transport=dt_socket,embedding=1,server=y,suspend=n,address=127.0.0.1:56308
Begin MonoManager ReloadAssembly
Registering precompiled unity dll's ...
Register platform support module: C:/Program Files/Unity/Hub/Editor/2020.3.3f1/Editor/Data/PlaybackEngines/WindowsStandaloneSupport/UnityEditor.WindowsStandalone.Extensions.dll
Registered in 0.008998 seconds.
Native extension for WindowsStandalone target not found
Refreshing native plugins compatible for Editor in 111.39 ms, found 9 plugins.
Preloading 2 native plugins for Editor in 0.48 ms.
Invoked RoslynAnalysisRunner static constructor.
RoslynAnalysisRunner will not be running.
RoslynAnalysisRunner has terminated.
Mono: successfully reloaded assembly
- Completed reload, in  9.075 seconds
Platform modules already initialized, skipping
Registering precompiled user dll's ...
Registered in 0.058155 seconds.
Begin MonoManager ReloadAssembly
Native extension for WindowsStandalone target not found
Refreshing native plugins compatible for Editor in 191.27 ms, found 9 plugins.
Preloading 2 native plugins for Editor in 0.26 ms.
Invoked RoslynAnalysisRunner static constructor.
RoslynAnalysisRunner will not be running.
RoslynAnalysisRunner has terminated.
[XR] OculusXRPlugin: registering subsystems
[XR] Unable to register display lifecyle provider: [1]
[XR] Oculus Input lifecycle provider registered.
[XR] Unable to register input lifecyle provider: [1]
NullReferenceException: Object reference not set to an instance of an object
  at Unity.XR.Oculus.OculusLoader.AssetPathToAbsolutePath (System.String assetPath) [0x00048] in C:\Users\DELL\Documents\library\XR-Jam\Library\PackageCache\com.unity.xr.oculus@1.8.1\Runtime\OculusLoader.cs:243 
  at Unity.XR.Oculus.OculusLoader.EditorLoadOVRPlugin () [0x0007b] in C:\Users\DELL\Documents\library\XR-Jam\Library\PackageCache\com.unity.xr.oculus@1.8.1\Runtime\OculusLoader.cs:228 

(Filename: Library/PackageCache/com.unity.xr.oculus@1.8.1/Runtime/OculusLoader.cs Line: 243)

Mono: successfully reloaded assembly
- Completed reload, in  2.226 seconds
Platform modules already initialized, skipping
========================================================================
Worker process is ready to serve import requests
Shader 'Universal Render Pipeline/Particles/Lit': fallback shader 'Universal Render Pipeline/Particles/SimpleLit' not found
Launched and connected shader compiler UnityShaderCompiler.exe after 0.12 seconds
Refreshing native plugins compatible for Editor in 1.84 ms, found 9 plugins.
Preloading 2 native plugins for Editor in 0.33 ms.
Unloading 3356 Unused Serialized files (Serialized files now loaded: 0)
System memory in use before: 180.7 MB.
System memory in use after: 180.9 MB.

Unloading 25 unused Assets to reduce memory usage. Loaded Objects now: 3850.
Total: 5.997800 ms (FindLiveObjects: 0.734400 ms CreateObjectMapping: 0.430600 ms MarkObjects: 4.577700 ms  DeleteObjects: 0.252600 ms)

========================================================================
Received Import Request.
  path: Assets/Books and Library Supply/FBX/Furniture_2A.fbx
  artifactKey: Guid(c28475d131cb51047bbc020c1bb0191e) Importer(815301076,1909f56bfc062723c751e8b465ee728b)
Start importing Assets/Books and Library Supply/FBX/Furniture_2A.fbx using Guid(c28475d131cb51047bbc020c1bb0191e) Importer(815301076,1909f56bfc062723c751e8b465ee728b)  -> (artifact id: '94b0f786a2725dc9d642c3fbaf2e1140') in 0.651768 seconds
  Import took 0.662073 seconds .

========================================================================
Received Import Request.
  Time since last request: 0.000434 seconds.
  path: Assets/Books and Library Supply/FBX/Books_1A.fbx
  artifactKey: Guid(348205c59a013cc4b8132ace3cd73bc5) Importer(815301076,1909f56bfc062723c751e8b465ee728b)
Start importing Assets/Books and Library Supply/FBX/Books_1A.fbx using Guid(348205c59a013cc4b8132ace3cd73bc5) Importer(815301076,1909f56bfc062723c751e8b465ee728b)  -> (artifact id: 'a54914a8f7df9f85fdd6e976a33093b0') in 0.524946 seconds
  Import took 0.536265 seconds .

========================================================================
Received Import Request.
  Time since last request: 0.000428 seconds.
  path: Assets/Books and Library Supply/FBX/Carpets_1A.fbx
  artifactKey: Guid(7121009774496b34b8c77d9adeaca8a0) Importer(815301076,1909f56bfc062723c751e8b465ee728b)
Start importing Assets/Books and Library Supply/FBX/Carpets_1A.fbx using Guid(7121009774496b34b8c77d9adeaca8a0) Importer(815301076,1909f56bfc062723c751e8b465ee728b)  -> (artifact id: '6675a025bcba0cc05a1a2e1101b2a4a6') in 0.218416 seconds
  Import took 0.228770 seconds .

========================================================================
Received Import Request.
  Time since last request: 0.000350 seconds.
  path: Assets/Books and Library Supply/FBX/Shelving_2A.fbx
  artifactKey: Guid(5bde890e0c72f5e469c92074d76ef333) Importer(815301076,1909f56bfc062723c751e8b465ee728b)
Start importing Assets/Books and Library Supply/FBX/Shelving_2A.fbx using Guid(5bde890e0c72f5e469c92074d76ef333) Importer(815301076,1909f56bfc062723c751e8b465ee728b)  -> (artifact id: 'fcc044076233b7dee9a89896c5111492') in 0.248656 seconds
  Import took 0.260304 seconds .

========================================================================
Received Import Request.
  Time since last request: 0.000325 seconds.
  path: Assets/Books and Library Supply/FBX/Bookshelves_1A.fbx
  artifactKey: Guid(a24d07b2d935e184c8b921a6c9f322a2) Importer(815301076,1909f56bfc062723c751e8b465ee728b)
Start importing Assets/Books and Library Supply/FBX/Bookshelves_1A.fbx using Guid(a24d07b2d935e184c8b921a6c9f322a2) Importer(815301076,1909f56bfc062723c751e8b465ee728b)  -> (artifact id: 'ae3430714596f95e40e455c19d8edf7d') in 0.244788 seconds
  Import took 0.258888 seconds .

========================================================================
Received Import Request.
  Time since last request: 0.000398 seconds.
  path: Assets/Books and Library Supply/FBX/Books_1C.fbx
  artifactKey: Guid(e562e46425ccc65499375fe88b82355b) Importer(815301076,1909f56bfc062723c751e8b465ee728b)
Start importing Assets/Books and Library Supply/FBX/Books_1C.fbx using Guid(e562e46425ccc65499375fe88b82355b) Importer(815301076,1909f56bfc062723c751e8b465ee728b)  -> (artifact id: 'efb70077573a72cbdd65dc6091a4389d') in 0.494667 seconds
  Import took 0.505721 seconds .

========================================================================
Received Import Request.
  Time since last request: 0.000358 seconds.
  path: Assets/Books and Library Supply/FBX/Furniture_2A2.fbx
  artifactKey: Guid(8958e396a1c1f2444a81ea08f401fada) Importer(815301076,1909f56bfc062723c751e8b465ee728b)
Start importing Assets/Books and Library Supply/FBX/Furniture_2A2.fbx using Guid(8958e396a1c1f2444a81ea08f401fada) Importer(815301076,1909f56bfc062723c751e8b465ee728b)  -> (artifact id: '3e42f09acbc84dff2eb6ca73a271d2da') in 0.297489 seconds
  Import took 0.308990 seconds .

========================================================================
Received Import Request.
  Time since last request: 0.000420 seconds.
  path: Assets/Books and Library Supply/FBX/Paintings_1A(Gr).fbx
  artifactKey: Guid(9c05a309c2769ec42ad0a7104fff1db6) Importer(815301076,1909f56bfc062723c751e8b465ee728b)
Start importing Assets/Books and Library Supply/FBX/Paintings_1A(Gr).fbx using Guid(9c05a309c2769ec42ad0a7104fff1db6) Importer(815301076,1909f56bfc062723c751e8b465ee728b)  -> (artifact id: '0188f7eae388125382bfc66d4980217e') in 0.180667 seconds
  Import took 0.192209 seconds .

========================================================================
Received Import Request.
  Time since last request: 0.000389 seconds.
  path: Assets/Books and Library Supply/FBX/Furniture_2A3.fbx
  artifactKey: Guid(06c4db37e96004f46b71938fb50d9449) Importer(815301076,1909f56bfc062723c751e8b465ee728b)
Start importing Assets/Books and Library Supply/FBX/Furniture_2A3.fbx using Guid(06c4db37e96004f46b71938fb50d9449) Importer(815301076,1909f56bfc062723c751e8b465ee728b)  -> (artifact id: '8ae8cb3c7b46f45af633037a4a6487f1') in 0.173302 seconds
  Import took 0.186555 seconds .

========================================================================
Received Import Request.
  Time since last request: 0.006944 seconds.
  path: Assets/Books and Library Supply/FBX/Furniture_2A3.fbx
  artifactKey: Guid(06c4db37e96004f46b71938fb50d9449) Importer(815301076,1909f56bfc062723c751e8b465ee728b)
Start importing Assets/Books and Library Supply/FBX/Furniture_2A3.fbx using Guid(06c4db37e96004f46b71938fb50d9449) Importer(815301076,1909f56bfc062723c751e8b465ee728b)  -> (artifact id: '8ae8cb3c7b46f45af633037a4a6487f1') in 0.164263 seconds
  Import took 0.179321 seconds .

========================================================================
Received Prepare
Registering precompiled user dll's ...
Registered in 0.120312 seconds.
Begin MonoManager ReloadAssembly
Native extension for WindowsStandalone target not found
Refreshing native plugins compatible for Editor in 3.54 ms, found 9 plugins.
Preloading 2 native plugins for Editor in 1.38 ms.
Invoked RoslynAnalysisRunner static constructor.
RoslynAnalysisRunner will not be running.
RoslynAnalysisRunner has terminated.
NullReferenceException: Object reference not set to an instance of an object
  at Unity.XR.Oculus.OculusLoader.AssetPathToAbsolutePath (System.String assetPath) [0x00048] in C:\Users\DELL\Documents\library\XR-Jam\Library\PackageCache\com.unity.xr.oculus@1.8.1\Runtime\OculusLoader.cs:243 
  at Unity.XR.Oculus.OculusLoader.EditorLoadOVRPlugin () [0x0007b] in C:\Users\DELL\Documents\library\XR-Jam\Library\PackageCache\com.unity.xr.oculus@1.8.1\Runtime\OculusLoader.cs:228 

(Filename: Library/PackageCache/com.unity.xr.oculus@1.8.1/Runtime/OculusLoader.cs Line: 243)

Mono: successfully reloaded assembly
- Completed reload, in  4.520 seconds
Platform modules already initialized, skipping
Shader 'Universal Render Pipeline/Particles/Lit': fallback shader 'Universal Render Pipeline/Particles/SimpleLit' not found
Refreshing native plugins compatible for Editor in 1.40 ms, found 9 plugins.
Preloading 2 native plugins for Editor in 0.59 ms.
Unloading 3134 Unused Serialized files (Serialized files now loaded: 0)
System memory in use before: 170.6 MB.
System memory in use after: 170.8 MB.

Unloading 18 unused Assets to reduce memory usage. Loaded Objects now: 3902.
Total: 7.089200 ms (FindLiveObjects: 1.193800 ms CreateObjectMapping: 0.551300 ms MarkObjects: 5.268600 ms  DeleteObjects: 0.073400 ms)

========================================================================
Received Import Request.
  Time since last request: 5934.921118 seconds.
  path: Assets/Books and Library Supply/Prefabs/Furniture/Primary_Map/Basic_Chair_1A.prefab
  artifactKey: Guid(03c5e31cd633ea7409ae2d4b3176adb4) Importer(815301076,1909f56bfc062723c751e8b465ee728b)
Start importing Assets/Books and Library Supply/Prefabs/Furniture/Primary_Map/Basic_Chair_1A.prefab using Guid(03c5e31cd633ea7409ae2d4b3176adb4) Importer(815301076,1909f56bfc062723c751e8b465ee728b)  -> (artifact id: '2ef5b2965532d92151628ac53b7b7a7c') in 86.708539 seconds
  Import took 92.632057 seconds .

========================================================================
Received Import Request.
  Time since last request: 7.230709 seconds.
  path: Assets/Books and Library Supply/Prefabs/Furniture/Secondary_Map/Basic_Chair_1A.prefab
  artifactKey: Guid(2f685b3c54d08394d9b067e0284eeefb) Importer(815301076,1909f56bfc062723c751e8b465ee728b)
Start importing Assets/Books and Library Supply/Prefabs/Furniture/Secondary_Map/Basic_Chair_1A.prefab using Guid(2f685b3c54d08394d9b067e0284eeefb) Importer(815301076,1909f56bfc062723c751e8b465ee728b)  -> (artifact id: '7a06a92f53ce4e0b108b871050a1ccfe') in 34.315323 seconds
  Import took 34.365549 seconds .

========================================================================
Received Import Request.
  Time since last request: 8.268682 seconds.
  path: Assets/Books and Library Supply/Prefabs/Furniture/Primary_Map/Chair_1A.prefab
  artifactKey: Guid(193033ec5cbe4a344b60599ef31e26d1) Importer(815301076,1909f56bfc062723c751e8b465ee728b)
Start importing Assets/Books and Library Supply/Prefabs/Furniture/Primary_Map/Chair_1A.prefab using Guid(193033ec5cbe4a344b60599ef31e26d1) Importer(815301076,1909f56bfc062723c751e8b465ee728b)  -> (artifact id: 'dc589dd3fdc117da6129bfb174dff5b7') in 168.619161 seconds
  Import took 168.636196 seconds .

========================================================================
Received Import Request.
  Time since last request: 0.000472 seconds.
  path: Assets/LeanTween/Examples/Models/LeanTween-Icon.fbx
  artifactKey: Guid(6fc4240da91ab4747a411a8313faed53) Importer(815301076,1909f56bfc062723c751e8b465ee728b)
Start importing Assets/LeanTween/Examples/Models/LeanTween-Icon.fbx using Guid(6fc4240da91ab4747a411a8313faed53) Importer(815301076,1909f56bfc062723c751e8b465ee728b)  -> (artifact id: 'b4e904179fb76e0745b2f5cd5dc80106') in 30.302467 seconds
  Import took 30.311445 seconds .

========================================================================
Received Import Request.
  Time since last request: 0.001537 seconds.
  path: Assets/Books and Library Supply/Prefabs/Furniture/Primary_Map/Chair_1A2.prefab
  artifactKey: Guid(60b5adde0bea09f4a8cb915e77e1812b) Importer(815301076,1909f56bfc062723c751e8b465ee728b)
Start importing Assets/Books and Library Supply/Prefabs/Furniture/Primary_Map/Chair_1A2.prefab using Guid(60b5adde0bea09f4a8cb915e77e1812b) Importer(815301076,1909f56bfc062723c751e8b465ee728b)  -> (artifact id: '4a319acd44c2f5cf815b4486bb96c08a') in 0.088910 seconds
  Import took 0.098784 seconds .

========================================================================
Received Import Request.
  Time since last request: 0.000337 seconds.
  path: Assets/Quantum Theory/Rome/Exterior/Meshes/Props/BenchA.fbx
  artifactKey: Guid(8372d8c67b40b0047b9c003164b97462) Importer(815301076,1909f56bfc062723c751e8b465ee728b)
Start importing Assets/Quantum Theory/Rome/Exterior/Meshes/Props/BenchA.fbx using Guid(8372d8c67b40b0047b9c003164b97462) Importer(815301076,1909f56bfc062723c751e8b465ee728b)  -> (artifact id: '2f950e2e50471002af7ae34a5fd1fef2') in 0.239214 seconds
  Import took 0.248639 seconds .

AssetImportWorkerClient::OnTransportError - code=2 error=End of file
